<?xml version="1.0" encoding="UTF-8"?>
<!-- Generated by org.testng.reporters.JUnitReportReporter -->
<testsuite hostname="Ashutoshs-MacBook-Air.local" failures="0" tests="3" name="com.qa.api.gorest.tests.GetUserTest" time="3.819" errors="0" timestamp="2025-08-06T16:08:34 IST" skipped="0">
  <testcase classname="com.qa.api.gorest.tests.GetUserTest" name="getSingleUsersTest" time="1.260"/>
  <system-out/>
  <testcase classname="com.qa.api.gorest.tests.GetUserTest" name="getAllUsersWithQueryParamTest" time="1.024"/>
  <system-out/>
  <testcase classname="com.qa.api.gorest.tests.GetUserTest" name="getAllUsersTest" time="1.535"/>
  <system-out/>
</testsuite> <!-- com.qa.api.gorest.tests.GetUserTest -->
