<?xml version="1.0" encoding="UTF-8"?>
<!-- Generated by org.testng.reporters.JUnitReportReporter -->
<testsuite hostname="Ashutoshs-MacBook-Air.local" failures="0" tests="3" name="com.qa.api.gorest.tests.GetUserTest" time="3.379" errors="0" timestamp="2025-08-06T20:47:39 IST" skipped="0">
  <testcase classname="com.qa.api.gorest.tests.GetUserTest" name="getSingleUsersTest" time="1.251"/>
  <system-out/>
  <testcase classname="com.qa.api.gorest.tests.GetUserTest" name="getAllUsersWithQueryParamTest" time="1.008"/>
  <system-out/>
  <testcase classname="com.qa.api.gorest.tests.GetUserTest" name="getAllUsersTest" time="1.120"/>
  <system-out/>
</testsuite> <!-- com.qa.api.gorest.tests.GetUserTest -->
