<?xml version="1.0" encoding="UTF-8"?>
<!-- Generated by org.testng.reporters.JUnitReportReporter -->
<testsuite hostname="Ashutoshs-MacBook-Air.local" failures="0" tests="3" name="com.qa.api.gorest.tests.GetUserTest" time="4.109" errors="0" timestamp="2025-08-08T03:28:58 IST" skipped="0">
  <testcase classname="com.qa.api.gorest.tests.GetUserTest" name="getSingleUsersTest" time="1.283"/>
  <system-out/>
  <testcase classname="com.qa.api.gorest.tests.GetUserTest" name="getAllUsersWithQueryParamTest" time="1.067"/>
  <system-out/>
  <testcase classname="com.qa.api.gorest.tests.GetUserTest" name="getAllUsersTest" time="1.759"/>
  <system-out/>
</testsuite> <!-- com.qa.api.gorest.tests.GetUserTest -->
